<?xml version="1.0" encoding="UTF-8"?>
<testsuite xmlns:xsi="http://www.w3.org/2001/XMLSchema-instance" xsi:noNamespaceSchemaLocation="https://maven.apache.org/surefire/maven-surefire-plugin/xsd/surefire-test-report.xsd" name="com.mybytistest.MyBatisAnnotationTest" time="62.122" tests="18" errors="2" skipped="0" failures="0">
  <properties>
[...]
</properties>
  <testcase name="getConsumerByNameDynamicParam2Test" classname="com.mybytistest.MyBatisAnnotationTest" time="2.519"/>
  <testcase name="getConsumerByNameDynamicParam3Test" classname="com.mybytistest.MyBatisAnnotationTest" time="0.331"/>
  <testcase name="getFuzzyTest" classname="com.mybytistest.MyBatisAnnotationTest" time="0.294">
    <error message="Index 0 out of bounds for length 0" type="java.lang.IndexOutOfBoundsException">java.lang.IndexOutOfBoundsException: Index 0 out of bounds for length 0
	at com.mybytistest.MyBatisAnnotationTest.getFuzzyTest(MyBatisAnnotationTest.java:235)
</error>
    <system-out><![CDATA[
  .   ____          _            __ _ _
 /\\ / ___'_ __ _ _(_)_ __  __ _ \ \ \ \
( ( )\___ | '_ | '_| | '_ \/ _` | \ \ \ \
 \\/  ___)| |_)| | | | | || (_| |  ) ) ) )
  '  |____| .__|_| |_|_| |_\__, | / / / /
 =========|_|==============|___/=/_/_/_/
 :: Spring Boot ::        (v2.1.3.RELEASE)

2021-06-28 16:50:07.820  INFO 16668 --- [           main] o.a.maven.surefire.booter.ForkedBooter   : Starting ForkedBooter v2.22.1 on DESKTOP-TSE95J3 with PID 16668 (started by KingS in E:\workspace\MySpring)
2021-06-28 16:50:07.821  INFO 16668 --- [           main] o.a.maven.surefire.booter.ForkedBooter   : No active profile set, falling back to default profiles: default
2021-06-28 16:50:08.048  INFO 16668 --- [           main] o.s.s.c.ThreadPoolTaskScheduler          : Initializing ExecutorService 'taskScheduler'
2021-06-28 16:50:08.071  INFO 16668 --- [           main] o.a.maven.surefire.booter.ForkedBooter   : Started ForkedBooter in 0.273 seconds (JVM running for 3.667)
2021-06-28 16:50:08.075  INFO 16668 --- [           main] com.alibaba.druid.pool.DruidDataSource   : {dataSource-3} inited
]]></system-out>
  </testcase>
  <testcase name="getConsumerFrom2LCache" classname="com.mybytistest.MyBatisAnnotationTest" time="0.294"/>
  <testcase name="getConsumerByIdWithAccoutsTest" classname="com.mybytistest.MyBatisAnnotationTest" time="0.245"/>
  <testcase name="retAutoIncrePriKeyAfterInsert" classname="com.mybytistest.MyBatisAnnotationTest" time="0.47"/>
  <testcase name="insetTest" classname="com.mybytistest.MyBatisAnnotationTest" time="0.268"/>
  <testcase name="updateTest" classname="com.mybytistest.MyBatisAnnotationTest" time="0.269"/>
  <testcase name="getConsumerByNameDynamicParamTest" classname="com.mybytistest.MyBatisAnnotationTest" time="0.294"/>
  <testcase name="deleteOneByOneThenCommit" classname="com.mybytistest.MyBatisAnnotationTest" time="0.329"/>
  <testcase name="getAllTest" classname="com.mybytistest.MyBatisAnnotationTest" time="0.241">
    <error message="Index 0 out of bounds for length 0" type="java.lang.IndexOutOfBoundsException">java.lang.IndexOutOfBoundsException: Index 0 out of bounds for length 0
	at com.mybytistest.MyBatisAnnotationTest.getAllTest(MyBatisAnnotationTest.java:230)
</error>
    <system-out><![CDATA[
  .   ____          _            __ _ _
 /\\ / ___'_ __ _ _(_)_ __  __ _ \ \ \ \
( ( )\___ | '_ | '_| | '_ \/ _` | \ \ \ \
 \\/  ___)| |_)| | | | | || (_| |  ) ) ) )
  '  |____| .__|_| |_|_| |_\__, | / / / /
 =========|_|==============|___/=/_/_/_/
 :: Spring Boot ::        (v2.1.3.RELEASE)

2021-06-28 16:50:10.277  INFO 16668 --- [           main] o.a.maven.surefire.booter.ForkedBooter   : Starting ForkedBooter v2.22.1 on DESKTOP-TSE95J3 with PID 16668 (started by KingS in E:\workspace\MySpring)
2021-06-28 16:50:10.277  INFO 16668 --- [           main] o.a.maven.surefire.booter.ForkedBooter   : No active profile set, falling back to default profiles: default
2021-06-28 16:50:10.468  INFO 16668 --- [           main] o.s.s.c.ThreadPoolTaskScheduler          : Initializing ExecutorService 'taskScheduler'
2021-06-28 16:50:10.483  INFO 16668 --- [           main] o.a.maven.surefire.booter.ForkedBooter   : Started ForkedBooter in 0.222 seconds (JVM running for 6.079)
2021-06-28 16:50:10.486  INFO 16668 --- [           main] com.alibaba.druid.pool.DruidDataSource   : {dataSource-11} inited
]]></system-out>
  </testcase>
  <testcase name="consumeTimeTestInsert" classname="com.mybytistest.MyBatisAnnotationTest" time="24.898"/>
  <testcase name="getConsumerByNameImplProviderMethodResolverTest" classname="com.mybytistest.MyBatisAnnotationTest" time="1.506"/>
  <testcase name="transactionTest" classname="com.mybytistest.MyBatisAnnotationTest" time="10.29"/>
  <testcase name="getAccountByIdTest" classname="com.mybytistest.MyBatisAnnotationTest" time="0.219"/>
  <testcase name="deleteInRange" classname="com.mybytistest.MyBatisAnnotationTest" time="18.834"/>
  <testcase name="deleteTest" classname="com.mybytistest.MyBatisAnnotationTest" time="0.277"/>
  <testcase name="deleteInRange2" classname="com.mybytistest.MyBatisAnnotationTest" time="0.44"/>
</testsuite>